<?xml version="1.0" encoding="UTF-8" ?>
<testsuite errors="0" failures="0" hostname="mini-wsadik.local" name="com.wahid.algorithms.sort.TestPrimitiveIntSortAlgorithms" tests="2" time="0.074" timestamp="2013-06-11T21:39:51">
  <properties>
    <property name="java.runtime.name" value="Java(TM) SE Runtime Environment" />
    <property name="jruby.home" value="/Library/Frameworks/JRuby.framework/Versions/1.7.4" />
    <property name="sun.boot.library.path" value="/System/Library/Java/JavaVirtualMachines/1.6.0.jdk/Contents/Libraries" />
    <property name="java.vm.version" value="20.45-b01-451" />
    <property name="awt.nativeDoubleBuffering" value="true" />
    <property name="gopherProxySet" value="false" />
    <property name="ant.version" value="Apache Ant(TM) version 1.8.3 compiled on February 26 2012" />
    <property name="mrj.build" value="11M4406" />
    <property name="ant.java.version" value="1.6" />
    <property name="java.vm.vendor" value="Apple Inc." />
    <property name="java.vendor.url" value="http://www.apple.com/" />
    <property name="path.separator" value=":" />
    <property name="java.vm.name" value="Java HotSpot(TM) 64-Bit Server VM" />
    <property name="file.encoding.pkg" value="sun.io" />
    <property name="user.country" value="US" />
    <property name="sun.java.launcher" value="SUN_STANDARD" />
    <property name="sun.os.patch.level" value="unknown" />
    <property name="java.vm.specification.name" value="Java Virtual Machine Specification" />
    <property name="user.dir" value="/Users/wsadik/Documents/personal-projects/sorting-algorithms-in-java" />
    <property name="java.runtime.version" value="1.6.0_45-b06-451-11M4406" />
    <property name="java.awt.graphicsenv" value="apple.awt.CGraphicsEnvironment" />
    <property name="basedir" value="/Users/wsadik/Documents/personal-projects/sorting-algorithms-in-java" />
    <property name="java.endorsed.dirs" value="/System/Library/Java/JavaVirtualMachines/1.6.0.jdk/Contents/Home/lib/endorsed" />
    <property name="os.arch" value="x86_64" />
    <property name="ant.project.default-target" value="" />
    <property name="java.io.tmpdir" value="/var/folders/gd/tstfjjcd2h9_v__phfy8lk45xqb79t/T/" />
    <property name="ant.core.lib" value="/Users/wsadik/.m2/repository/org/apache/ant/ant/1.8.3/ant-1.8.3.jar" />
    <property name="line.separator" value="&#xa;" />
    <property name="java.vm.specification.vendor" value="Sun Microsystems Inc." />
    <property name="os.name" value="Mac OS X" />
    <property name="ant.project.name" value="junit" />
    <property name="sun.jnu.encoding" value="MacRoman" />
    <property name="java.library.path" value=".:/Library/Java/Extensions:/System/Library/Java/Extensions:/usr/lib/java" />
    <property name="java.specification.name" value="Java Platform API Specification" />
    <property name="java.class.version" value="50.0" />
    <property name="sun.management.compiler" value="HotSpot 64-Bit Tiered Compilers" />
    <property name="os.version" value="10.8.3" />
    <property name="http.nonProxyHosts" value="local|*.local|169.254/16|*.169.254/16" />
    <property name="jffi.boot.library.path" value="/Library/Frameworks/JRuby.framework/Versions/1.7.4/lib/native/Darwin" />
    <property name="user.home" value="/Users/wsadik" />
    <property name="user.timezone" value="" />
    <property name="java.awt.printerjob" value="apple.awt.CPrinterJob" />
    <property name="java.specification.version" value="1.6" />
    <property name="file.encoding" value="MacRoman" />
    <property name="jruby.script" value="jruby" />
    <property name="user.name" value="wsadik" />
    <property name="java.class.path" value="/Users/wsadik/Documents/personal-projects/sorting-algorithms-in-java/target/test/classes:/Users/wsadik/.m2/repository/junit/junit/4.11/junit-4.11.jar:/Users/wsadik/Documents/personal-projects/sorting-algorithms-in-java/target/classes:/Users/wsadik/.m2/repository/junit/junit/4.8.2/junit-4.8.2.jar:/Users/wsadik/.m2/repository/org/jmock/jmock/2.5.1/jmock-2.5.1.jar:/Users/wsadik/.m2/repository/org/jmock/jmock-junit4/2.5.1/jmock-junit4-2.5.1.jar:/Users/wsadik/.m2/repository/org/hamcrest/hamcrest-core/1.1/hamcrest-core-1.1.jar:/Users/wsadik/.m2/repository/org/hamcrest/hamcrest-library/1.1/hamcrest-library-1.1.jar:/Users/wsadik/.m2/repository/org/apache/ant/ant-launcher/1.8.3/ant-launcher-1.8.3.jar:/Users/wsadik/.m2/repository/org/apache/ant/ant/1.8.3/ant-1.8.3.jar:/Users/wsadik/.m2/repository/org/apache/ant/ant-junit/1.8.3/ant-junit-1.8.3.jar" />
    <property name="jruby.shell" value="/bin/sh" />
    <property name="java.vm.specification.version" value="1.0" />
    <property name="sun.java.command" value="org.apache.tools.ant.taskdefs.optional.junit.JUnitTestRunner com.wahid.algorithms.sort.TestPrimitiveIntSortAlgorithms filtertrace=true haltOnError=false haltOnFailure=false showoutput=false outputtoformatters=true logfailedtests=true logtestlistenerevents=false formatter=org.apache.tools.ant.taskdefs.optional.junit.PlainJUnitResultFormatter,/Users/wsadik/Documents/personal-projects/sorting-algorithms-in-java/reports/junit/TEST-com.wahid.algorithms.sort.TestPrimitiveIntSortAlgorithms.txt formatter=org.apache.tools.ant.taskdefs.optional.junit.PlainJUnitResultFormatter formatter=org.apache.tools.ant.taskdefs.optional.junit.XMLJUnitResultFormatter,/Users/wsadik/Documents/personal-projects/sorting-algorithms-in-java/reports/junit/TEST-com.wahid.algorithms.sort.TestPrimitiveIntSortAlgorithms.xml crashfile=/Users/wsadik/Documents/personal-projects/sorting-algorithms-in-java/junitvmwatcher6873390051758543236.properties propsfile=/Users/wsadik/Documents/personal-projects/sorting-algorithms-in-java/junit3574593691580855838.properties" />
    <property name="sun.arch.data.model" value="64" />
    <property name="java.home" value="/System/Library/Java/JavaVirtualMachines/1.6.0.jdk/Contents/Home" />
    <property name="java.specification.vendor" value="Sun Microsystems Inc." />
    <property name="user.language" value="en" />
    <property name="awt.toolkit" value="apple.awt.CToolkit" />
    <property name="java.vm.info" value="mixed mode" />
    <property name="java.version" value="1.6.0_45" />
    <property name="java.ext.dirs" value="/Library/Java/Extensions:/System/Library/Java/Extensions:/System/Library/Java/JavaVirtualMachines/1.6.0.jdk/Contents/Home/lib/ext" />
    <property name="sun.boot.class.path" value="/System/Library/Java/JavaVirtualMachines/1.6.0.jdk/Contents/Classes/jsfd.jar:/System/Library/Java/JavaVirtualMachines/1.6.0.jdk/Contents/Classes/classes.jar:/System/Library/Frameworks/JavaVM.framework/Frameworks/JavaRuntimeSupport.framework/Resources/Java/JavaRuntimeSupport.jar:/System/Library/Java/JavaVirtualMachines/1.6.0.jdk/Contents/Classes/ui.jar:/System/Library/Java/JavaVirtualMachines/1.6.0.jdk/Contents/Classes/laf.jar:/System/Library/Java/JavaVirtualMachines/1.6.0.jdk/Contents/Classes/sunrsasign.jar:/System/Library/Java/JavaVirtualMachines/1.6.0.jdk/Contents/Classes/jsse.jar:/System/Library/Java/JavaVirtualMachines/1.6.0.jdk/Contents/Classes/jce.jar:/System/Library/Java/JavaVirtualMachines/1.6.0.jdk/Contents/Classes/charsets.jar" />
    <property name="java.vendor" value="Apple Inc." />
    <property name="file.separator" value="/" />
    <property name="java.vendor.url.bug" value="http://bugreport.apple.com/" />
    <property name="sun.cpu.endian" value="little" />
    <property name="sun.io.unicode.encoding" value="UnicodeLittle" />
    <property name="mrj.version" value="1070.1.6.0_45-451" />
    <property name="jruby.lib" value="/Library/Frameworks/JRuby.framework/Versions/1.7.4/lib" />
    <property name="baseDir" value="/Users/wsadik/Documents/personal-projects/sorting-algorithms-in-java/target/test/classes" />
    <property name="socksNonProxyHosts" value="local|*.local|169.254/16|*.169.254/16" />
    <property name="ftp.nonProxyHosts" value="local|*.local|169.254/16|*.169.254/16" />
    <property name="sun.cpu.isalist" value="" />
  </properties>
  <testcase classname="com.wahid.algorithms.sort.TestPrimitiveIntSortAlgorithms" name="testSelectionSort" time="0.012" />
  <testcase classname="com.wahid.algorithms.sort.TestPrimitiveIntSortAlgorithms" name="testBuiltinSort" time="0.0020" />
  <system-out><![CDATA[]]></system-out>
  <system-err><![CDATA[]]></system-err>
</testsuite>
